<?xml version="1.0" encoding="UTF-8"?>
<!-- Generated by org.testng.reporters.JUnitReportReporter -->
<testsuite hostname="LAPTOP-HRS2VRND" failures="0" tests="1" name="testCases.TC_002_LoginPage2" time="4.458" errors="0" timestamp="2022-03-21T13:23:42 CDT" skipped="0">
  <testcase classname="testCases.TC_002_LoginPage2" name="test_Login" time="4.458"/>
  <system-out/>
</testsuite> <!-- testCases.TC_002_LoginPage2 -->
