<?xml version="1.0" encoding="UTF-8"?>
<!-- Generated by org.testng.reporters.JUnitReportReporter -->
<testsuite hostname="LAPTOP-HRS2VRND" failures="0" tests="1" name="testCases.TC_001_AccountRegistration" time="5.417" errors="0" timestamp="2022-03-21T13:09:42 CDT" skipped="0">
  <testcase classname="testCases.TC_001_AccountRegistration" name="test_account_Registration" time="5.417"/>
  <system-out/>
</testsuite> <!-- testCases.TC_001_AccountRegistration -->
