<?xml version="1.0" encoding="UTF-8"?>
<!-- Generated by org.testng.reporters.JUnitReportReporter -->
<testsuite hostname="LAPTOP-HRS2VRND" failures="0" tests="1" name="testCases.TC_003_Login_DDTSample" time="1.731" errors="0" timestamp="2022-03-17T16:17:42 CDT" skipped="0">
  <testcase classname="testCases.TC_003_Login_DDTSample" name="test_LoginDDT" time="1.731"/>
  <system-out/>
</testsuite> <!-- testCases.TC_003_Login_DDTSample -->
