<?xml version="1.0" encoding="UTF-8"?>
<!-- Generated by org.testng.reporters.JUnitReportReporter -->
<testsuite hostname="LAPTOP-HRS2VRND" failures="0" tests="1" name="testCases.TC_003_LoginPage_DDT" time="0.000" errors="0" timestamp="2022-03-17T16:18:43 CDT" skipped="1">
  <testcase classname="testCases.TC_003_LoginPage_DDT" name="test_loginDDT" time="0.000">
    <skipped/>
  </testcase> <!-- test_loginDDT -->
  <system-out/>
</testsuite> <!-- testCases.TC_003_LoginPage_DDT -->
