<?xml version="1.0" encoding="UTF-8"?>
<!-- Generated by org.testng.reporters.JUnitReportReporter -->
<testsuite hostname="LAPTOP-HRS2VRND" failures="0" tests="1" name="testCases.TC_002_LoginPage" time="2.050" errors="0" timestamp="2022-03-28T14:21:12 CDT" skipped="0">
  <testcase classname="testCases.TC_002_LoginPage" name="test_login" time="2.050"/>
  <system-out/>
</testsuite> <!-- testCases.TC_002_LoginPage -->
